
Processing parity_check
before constantPropagate: 0u 0s 1162e 601792kB
after constantPropagate: 0u 0s 1162e 601792kB
before removeUnusedSignals circuit: 0u 0s 1162e 601792kB
after removeUnusedSignals circuit: 0u 0s 1162e 601792kB
before optimize latch enable: 0u 0s 1162e 601792kB
after optimize latch enable: 0u 0s 1162e 601792kB
before removeReadAfterMissingWrite: 0u 0s 1162e 601792kB
after removeReadAfterMissingWrite: 0u 0s 1162e 601792kB
before undoDimensionalSplitOfMemories: 0u 0s 1162e 601792kB
after undoDimensionalSplitOfMemories: 0u 0s 1162e 601792kB
before extractMemories: 0u 0s 1162e 601792kB
after extractMemories: 0u 0s 1162e 601792kB
before extractHolds: 0u 0s 1162e 601792kB
after extractHolds: 0u 0s 1162e 601792kB
before simplifyAdders: 0u 0s 1162e 601792kB
after simplifyAdders: 0u 0s 1162e 601792kB
before reportUnresolvedType: 0u 0s 1162e 601792kB
after reportUnresolvedType: 0u 0s 1162e 601792kB
before dumpingPerModuleScm : 0u 0s 1162e 601792kB
after dumpingPerModuleScm : 0u 0s 1162e 601792kB

Processing fifo_usage_spy
before constantPropagate: 0u 0s 1162e 601792kB
after constantPropagate: 0u 0s 1162e 601792kB
before removeUnusedSignals circuit: 0u 0s 1162e 601792kB
after removeUnusedSignals circuit: 0u 0s 1162e 601792kB
before optimize latch enable: 0u 0s 1162e 601792kB
after optimize latch enable: 0u 0s 1162e 601792kB
before removeReadAfterMissingWrite: 0u 0s 1162e 601792kB
after removeReadAfterMissingWrite: 0u 0s 1162e 601792kB
before undoDimensionalSplitOfMemories: 0u 0s 1162e 601792kB
after undoDimensionalSplitOfMemories: 0u 0s 1162e 601792kB
before extractMemories: 0u 0s 1162e 601792kB
after extractMemories: 0u 0s 1162e 601792kB
before extractHolds: 0u 0s 1162e 601792kB
after extractHolds: 0u 0s 1166e 601792kB
before simplifyAdders: 0u 0s 1166e 601792kB
after simplifyAdders: 0u 0s 1166e 601792kB
before reportUnresolvedType: 0u 0s 1166e 601792kB
after reportUnresolvedType: 0u 0s 1166e 601792kB
before dumpingPerModuleScm : 0u 0s 1166e 601792kB
after dumpingPerModuleScm : 0u 0s 1166e 601792kB

Processing parity
before constantPropagate: 0u 0s 1166e 601792kB
after constantPropagate: 0u 0s 1166e 601792kB
before removeUnusedSignals circuit: 0u 0s 1166e 601792kB
after removeUnusedSignals circuit: 0u 0s 1166e 601792kB
before optimize latch enable: 0u 0s 1166e 601792kB
after optimize latch enable: 0u 0s 1166e 601792kB
before removeReadAfterMissingWrite: 0u 0s 1166e 601792kB
after removeReadAfterMissingWrite: 0u 0s 1166e 601792kB
before undoDimensionalSplitOfMemories: 0u 0s 1166e 601792kB
after undoDimensionalSplitOfMemories: 0u 0s 1166e 601792kB
before extractMemories: 0u 0s 1166e 601792kB
after extractMemories: 0u 0s 1166e 601792kB
before extractHolds: 0u 0s 1166e 601792kB
after extractHolds: 0u 0s 1166e 601792kB
before simplifyAdders: 0u 0s 1166e 601792kB
after simplifyAdders: 0u 0s 1166e 601792kB
before reportUnresolvedType: 0u 0s 1166e 601792kB
after reportUnresolvedType: 0u 0s 1166e 601792kB
before dumpingPerModuleScm : 0u 0s 1166e 601792kB
after dumpingPerModuleScm : 0u 0s 1166e 601792kB

Processing proba
before constantPropagate: 0u 0s 1166e 601792kB
after constantPropagate: 0u 0s 1166e 601792kB
before removeUnusedSignals circuit: 0u 0s 1166e 601792kB
after removeUnusedSignals circuit: 0u 0s 1166e 601792kB
before optimize latch enable: 0u 0s 1166e 601792kB
after optimize latch enable: 0u 0s 1166e 601792kB
before removeReadAfterMissingWrite: 0u 0s 1166e 601792kB
after removeReadAfterMissingWrite: 0u 0s 1166e 601792kB
before undoDimensionalSplitOfMemories: 0u 0s 1166e 601792kB
after undoDimensionalSplitOfMemories: 0u 0s 1166e 601792kB
before extractMemories: 0u 0s 1166e 601792kB
after extractMemories: 0u 0s 1166e 601792kB
before extractHolds: 0u 0s 1166e 601792kB
after extractHolds: 0u 0s 1166e 601792kB
before simplifyAdders: 0u 0s 1166e 601792kB
after simplifyAdders: 0u 0s 1166e 601792kB
before reportUnresolvedType: 0u 0s 1166e 601792kB
after reportUnresolvedType: 0u 0s 1166e 601792kB
before dumpingPerModuleScm : 0u 0s 1166e 601792kB
after dumpingPerModuleScm : 0u 0s 1166e 601792kB

Processing proba_0000
before constantPropagate: 0u 0s 1166e 601792kB
after constantPropagate: 0u 0s 1166e 601792kB
before removeUnusedSignals circuit: 0u 0s 1166e 601792kB
after removeUnusedSignals circuit: 0u 0s 1166e 601792kB
before optimize latch enable: 0u 0s 1166e 601792kB
after optimize latch enable: 0u 0s 1166e 601792kB
before removeReadAfterMissingWrite: 0u 0s 1166e 601792kB
after removeReadAfterMissingWrite: 0u 0s 1166e 601792kB
before undoDimensionalSplitOfMemories: 0u 0s 1166e 601792kB
after undoDimensionalSplitOfMemories: 0u 0s 1166e 601792kB
before extractMemories: 0u 0s 1166e 601792kB
after extractMemories: 0u 0s 1166e 601792kB
before extractHolds: 0u 0s 1166e 601792kB
after extractHolds: 0u 0s 1166e 601792kB
before simplifyAdders: 0u 0s 1166e 601792kB
after simplifyAdders: 0u 0s 1166e 601792kB
before reportUnresolvedType: 0u 0s 1166e 601792kB
after reportUnresolvedType: 0u 0s 1166e 601792kB
before dumpingPerModuleScm : 0u 0s 1166e 601792kB
after dumpingPerModuleScm : 0u 0s 1166e 601792kB

Processing stb
before constantPropagate: 0u 0s 1166e 601792kB
after constantPropagate: 0u 0s 1166e 601792kB
before removeUnusedSignals circuit: 0u 0s 1166e 601792kB
after removeUnusedSignals circuit: 0u 0s 1166e 601792kB
before optimize latch enable: 0u 0s 1166e 601792kB
after optimize latch enable: 0u 0s 1166e 601792kB
before removeReadAfterMissingWrite: 0u 0s 1166e 601792kB
after removeReadAfterMissingWrite: 0u 0s 1166e 601792kB
before undoDimensionalSplitOfMemories: 0u 0s 1166e 601792kB
after undoDimensionalSplitOfMemories: 0u 0s 1166e 601792kB
before extractMemories: 0u 0s 1166e 601792kB
after extractMemories: 0u 0s 1166e 601792kB
before extractHolds: 0u 0s 1166e 601792kB
after extractHolds: 0u 0s 1166e 601792kB
before simplifyAdders: 0u 0s 1166e 601792kB
after simplifyAdders: 0u 0s 1166e 601792kB
before reportUnresolvedType: 0u 0s 1166e 601792kB
after reportUnresolvedType: 0u 0s 1166e 601792kB
before dumpingPerModuleScm : 0u 0s 1166e 601792kB
after dumpingPerModuleScm : 0u 0s 1166e 601792kB
