
Note-[SM_PME] Processing Module/Entity
  Processing: fifo_usage_spy Parameterized Name: fifo_usage_spy


Note-[SM_IIF] Instance Info
  Instance Count : module 'fifo_usage_spy' has 1 instances
  


Note-[SM_CHLDRUN_DONE] Child process run completed
  Child process number '11' with process id '40031'
  is done with synthesis of total '1' modules
  SIMON Child CPU Time        : 0.01 sec
  SIMON Child Wall-Clock Time : 0.05 sec
  SIMON Child Current Memory  : 587 MB
  SIMON Child Peak Memory     : 587 MB
  SIMON Distribution          : 0.00,0.01,0.00,0.00 sec
  End time                    : Tue Apr 16 14:55:23 2024
  .


Note-[SM_POME] Processing Module/Entity
  Performing post-processing optimizations on Module/Entity: top


Note-[SM_CHLDRUN_DONE] Child process run completed
  Child process number '11' with process id '40047'
  is done with post-processing optimizations of total '1' modules
  SIMON Child CPU Time        : 0.00 sec
  SIMON Child Wall-Clock Time : 0.11 sec
  SIMON Child Current Memory  : 587 MB
  SIMON Child Peak Memory     : 587 MB
  SIMON Distribution          : 0.00,0.00,0.00,0.00 sec
  End time                    : Tue Apr 16 14:55:24 2024
  .

