
Note-[SM_PME] Processing Module/Entity
  Processing: fifo_usage_spy Parameterized Name: fifo_usage_spy


Note-[SM_IIF] Instance Info
  Instance Count : module 'fifo_usage_spy' has 1 instances
  


Note-[SM_CHLDRUN_DONE] Child process run completed
  Child process number '2' with process id '10456'
  is done with synthesis of total '1' modules
  SIMON Child CPU Time        : 0.02 sec
  SIMON Child Wall-Clock Time : 0.02 sec
  SIMON Child Current Memory  : 588 MB
  SIMON Child Peak Memory     : 588 MB
  SIMON Distribution          : 0.00,0.00,0.00,0.00 sec
  End time                    : Mon Apr 29 12:44:36 2024
  .


Note-[SM_POME] Processing Module/Entity
  Performing post-processing optimizations on Module/Entity: fifo_usage_spy


Note-[SM_POME] Processing Module/Entity
  Performing post-processing optimizations on Module/Entity: dut


Note-[SM_POME] Processing Module/Entity
  Performing post-processing optimizations on Module/Entity: rom


Note-[SM_MEM_INFO] Module has inferred memories
../source/stb/rom.sv, 8
  Inferred memory statistics for module 'rom' (Instances: 1)
  ------------------------------------------------------------------------------
  |Name |Size |TotalPorts |ReadPorts |WritePorts |Reset |Initial |
  ------------------------------------------------------------------------------
  | mem | 2304(256x9) |TP:1 |RP:1(A:1,S:0) |WP:0(A:0,S:0) |R:None |I:No |
  ------------------------------------------------------------------------------


Note-[SM_POME] Processing Module/Entity
  Performing post-processing optimizations on Module/Entity: ram


Note-[SM_MEM_INFO] Module has inferred memories
../source/stb/ram.sv, 8
  Inferred memory statistics for module 'ram' (Instances: 1)
  ------------------------------------------------------------------------------
  |Name |Size |TotalPorts |ReadPorts |WritePorts |Reset |Initial |
  ------------------------------------------------------------------------------
  | mem | 2304(256x9) |TP:1 |RP:0(A:0,S:0) |WP:1(A:0,S:1) |R:None |I:No |
  ------------------------------------------------------------------------------


Note-[SM_POME] Processing Module/Entity
  Performing post-processing optimizations on Module/Entity: top


Note-[SM_CHLDRUN_DONE] Child process run completed
  Child process number '2' with process id '10462'
  is done with post-processing optimizations of total '5' modules
  SIMON Child CPU Time        : 0.01 sec
  SIMON Child Wall-Clock Time : 0.10 sec
  SIMON Child Current Memory  : 587 MB
  SIMON Child Peak Memory     : 587 MB
  SIMON Distribution          : 0.00,0.00,0.00,0.00 sec
  End time                    : Mon Apr 29 12:44:36 2024
  .

