version: (200506)

available memory: 64M bytes
used memory: 221184 bytes [need 216K bytes if disable swap]

used block: 6 [memory(6) file(0)]
                 [ 8K(3) 64K(3) { total 216K bytes } ]
overhead: (9538) bytes for (6) blocks [Average: (1589) bytes/block]

write  => 0(times) 0K(bytes) [0K bytes to file]
read   => 3(times) 27K(bytes) [6K bytes compressed data from file]
access => 679636(times) 5316M(bytes)
          [hit ratio: 99.9996%]

time: write(0) read(0)  unit: second

swap file directory: (/home/grads/s/sujaysimha/CSCE_689/lab-4-SujaySimha81/zebu/run/run_directory/verdiLog)
used swap file number: (5)



swap file manager:
arrSize: (256)
idxCnt: (6)
closeHead: (1)
closeTail: (5)
openCnt: (4)
fid(5): fd(1073741826) fileName(/home/grads/s/sujaysimha/CSCE_689/lab-4-SujaySimha81/zebu/zcui.work/vcs_splitter/simv.daidir/kdb.elab++/work.lib++/fifo.sv.tdc)
	size(4733) lastModTime(1714416207) curModTime(1714416207)
	mode(rb)	hot(0) cool(4) pos(0)
fid(4): fd(1073741825) fileName(/home/grads/s/sujaysimha/CSCE_689/lab-4-SujaySimha81/zebu/zcui.work/vcs_splitter/simv.daidir/kdb.elab++/work.lib++/proba.sv.tdc)
	size(2092) lastModTime(1714416207) curModTime(1714416207)
	mode(rb)	hot(5) cool(2) pos(0)
fid(3): fd(0) fileName(/home/grads/s/sujaysimha/CSCE_689/lab-4-SujaySimha81/zebu/zcui.work/vcs_splitter/simv.daidir/kdb.elab++/work.lib++/bind_spy.sv.tdc)
	size(1327) lastModTime(1714416207) curModTime(1714416207)
	mode(rb)	hot(0) cool(0) pos(0)
fid(2): fd(24) version: (200506)

available memory: 64M bytes
used memory: 221184 bytes [need 216K bytes if disable swap]

used block: 6 [memory(6) file(0)]
                 [ 8K(3) 64K(3) { total 216K bytes } ]
overhead: (9538) bytes for (6) blocks [Average: (1589) bytes/block]

write  => 0(times) 0K(bytes) [0K bytes to file]
read   => 3(times) 27K(bytes) [6K bytes compressed data from file]
access => 679636(times) 5316M(bytes)
          [hit ratio: 99.9996%]

time: write(0) read(0)  unit: second

swap file directory: (/home/grads/s/sujaysimha/CSCE_689/lab-4-SujaySimha81/zebu/run/run_directory/verdiLog)
used swap file number: (5)



swap file manager:
arrSize: (256)
idxCnt: (6)
closeHead: (1)
closeTail: (5)
openCnt: (4)
fid(5): fd(1073741826) fileName(/home/grads/s/sujaysimha/CSCE_689/lab-4-SujaySimha81/zebu/zcui.work/vcs_splitter/simv.daidir/kdb.elab++/work.lib++/fifo.sv.tdc)
	size(4733) lastModTime(1714416207) curModTime(1714416207)
	mode(rb)	hot(0) cool(4) pos(0)
fid(4): fd(1073741825) fileName(/home/grads/s/sujaysimha/CSCE_689/lab-4-SujaySimha81/zebu/zcui.work/vcs_splitter/simv.daidir/kdb.elab++/work.lib++/proba.sv.tdc)
	size(2092) lastModTime(1714416207) curModTime(1714416207)
	mode(rb)	hot(5) cool(2) pos(0)
fid(3): fd(0) fileName(/home/grads/s/sujaysimha/CSCE_689/lab-4-SujaySimha81/zebu/zcui.work/vcs_splitter/simv.daidir/kdb.elab++/work.lib++/bind_spy.sv.tdc)
	size(1327) lastModTime(1714416207) curModTime(1714416207)
	mode(rb)	hot(0) cool(0) pos(0)
fid(2): fd(24) fileName(/home/grads/s/sujaysimha/CSCE_689/lab-4-SujaySimha81/zebu/run/run_directory/verdiLog/_swap_0001#2097812940#38753)
	size(0) lastModTime(0) curModTime(1714609591)
	mode(w+b)	hot(4) cool(1) pos(0)
fid(1): fd(1073741824) fileName(/home/grads/s/sujaysimha/CSCE_689/lab-4-SujaySimha81/zebu/zcui.work/vcs_splitter/simv.daidir/kdb.elab++/work.lib++/top.sv.tdc)
	size(3127) lastModTime(1714416207) curModTime(1714416207)
	mode(rb)	hot(2) cool(0) pos(0)
fid(0): fd(0) fileName(NULL)
	mode(NULL)	hot(0) cool(0) pos(0)
==================================================
mySelf(1b2d7fb0) pre(1b2c98c0) next(0)
version(200506)
date(Aug  9 2022 19:18:51)
