
Note-[SM_PME] Processing Module/Entity
  Processing: proba_0000 Parameterized Name: proba_0000


Note-[SM_CHLDRUN_DONE] Child process run completed
  Child process number '8' with process id '40028'
  is done with synthesis of total '1' modules
  SIMON Child CPU Time        : 0.00 sec
  SIMON Child Wall-Clock Time : 0.06 sec
  SIMON Child Current Memory  : 587 MB
  SIMON Child Peak Memory     : 587 MB
  SIMON Distribution          : 0.00,0.00,0.00,0.00 sec
  End time                    : Tue Apr 16 14:55:23 2024
  .


Note-[SM_POME] Processing Module/Entity
  Performing post-processing optimizations on Module/Entity: proba_0000


Note-[SM_CHLDRUN_DONE] Child process run completed
  Child process number '8' with process id '40044'
  is done with post-processing optimizations of total '1' modules
  SIMON Child CPU Time        : 0.00 sec
  SIMON Child Wall-Clock Time : 0.10 sec
  SIMON Child Current Memory  : 587 MB
  SIMON Child Peak Memory     : 587 MB
  SIMON Distribution          : 0.00,0.00,0.00,0.00 sec
  End time                    : Tue Apr 16 14:55:24 2024
  .

