
                                    ZeBu (R)
                                   zSimzilla

              Version Q-2020.03-SP1-4 for linux64 - Oct 18, 2022 

                    Copyright (c) 2002 - 2022 Synopsys, Inc.
   This software and the associated documentation are proprietary to Synopsys,
 Inc. This software may only be used in accordance with the terms and conditions
 of a written license agreement with Synopsys, Inc. All other use, reproduction,
   or distribution of this software is strictly prohibited.  Licensed Products
     communicate with Synopsys servers for the purpose of providing software
    updates, detecting software piracy and verifying that customers are using
    Licensed Products in conformity with the applicable License Key for such
  Licensed Products. Synopsys will use information gathered in connection with
    this process to deliver software updates and pursue software pirates and
                                   infringers.

 Inclusivity & Diversity - Visit SolvNetPlus to read the "Synopsys Statement on
            Inclusivity and Diversity" (Refer to article 000036315 at
                        https://solvnetplus.synopsys.com)

# zSimzilla --zebu-work . --generate-graphs 

# start time is Mon Apr 29 13:43:59 2024




# Build Date : Oct 18 2022 - 01:01:26
# ---------------------------System Context--------------------------- 
# Cpu        40 x bogomips - 4604.90 Intel(R) Xeon(R) CPU E5-2650 v3 @ 2.30GHz
#            Load: 0.40 0.15 0.16 3/505 35942
#            Hostname: csce-quinn-s1.engr.tamu.edu   OS: Linux 3.10.0-1160.108.1.el7.x86_64
# Memory     Total: 193183 MB Free: 171137 MB
#            Total Free including cache: 187247 MB
#            Swap cache: 0 MB Cached space: 16110 MB
#            Swap space: 4095 MB Free Swap space: 4095 MB
#            VmSize: 389 MB VmPeak: 389 MB
# Disk Space Total: 50 GB Available: 8 GB Used: 42 GB
#            Free inodes: 104731922
# Stack                                Soft Limit           Hard Limit  
#            Max stack size            8388608              unlimited            bytes     
# -------------------------------------------------------------------- 


#   step SIMZILLA : --threads: using 10 threads (maximum is 40).
#   step Update options by env : Starting
#   step Update options by env : Done in       elapsed:0 s      user:0 s      system:0 s       %cpu:0.00       load:0.40       fm:171109 m      vm:453 m       vm:+0 m      um:209 m       um:+0 m
#   step SMZ : Disable virtual slicing during graph generation
### warning in SIMZILLA [PRL0001W] : SMZ0079 - Disable '--pgb-enable-distributed-header-generation' in non-PGB flow
#   step EDIF LOADER : reading EDIF file '/opt/coe/synopsys/zebu/Q-2020.03-SP1-4/etc/libXilinx.edif.gz'
#   step SMZ : 
#   step === Load equi netlist : Starting
#   step SMZ : reading netlist ./tools/zDB/zTopBuild_equi.edf.gz
#   step ZNF PARSER : reading netlist from ZNF file './tools/zDB/zTopBuild_equi.edf.gz'
#   step === Load equi netlist : Done in     elapsed:0.2 s    user:0.2 s      system:0 s      %cpu:78.43       load:0.40       fm:171027 m      vm:467 m       vm:+1 m      um:224 m       um:+0 m
#   step LINK : Starting
#   step SMZ : linkMacros = 2
#   step EDIF LOADER : reading EDIF file '/opt/coe/synopsys/zebu/Q-2020.03-SP1-4/etc/zSimzilla/edifs/extra_cells.edf.txt'
#   step SMZ : function addelt has 2 representent(s)
#   step SMZ : 	 module fs_macros.addelt: 0 up-insts
#   step SMZ : 	 module fs_macros.nf_addelt: 0 up-insts
#   step SMZ : function addelt3 has 2 representent(s)
#   step SMZ : 	 module fs_macros.addelt3: 0 up-insts
#   step SMZ : 	 module fs_macros.nf_addelt3: 0 up-insts
#   step SMZ : function addelt3_so has 2 representent(s)
#   step SMZ : 	 module fs_macros.addelt3_so: 0 up-insts
#   step SMZ : 	 module fs_macros.nf_addelt3_so: 0 up-insts
#   step SMZ : function addelt_co has 2 representent(s)
#   step SMZ : 	 module fs_macros.addelt_co: 0 up-insts
#   step SMZ : 	 module fs_macros.nf_addelt_co: 0 up-insts
#   step SMZ : function addelt_so has 2 representent(s)
#   step SMZ : 	 module fs_macros.addelt_so: 0 up-insts
#   step SMZ : 	 module fs_macros.nf_addelt_so: 0 up-insts
#   step SMZ : function carry4 has 1 representent(s)
#   step SMZ : 	 module xcve.carry4: 41 up-insts, is blackbox
#   step SMZ : function carry8 has 1 representent(s)
#   step SMZ : 	 module xcve.carry8: 0 up-insts, is blackbox
#   step SMZ : function encmux16_v5 has 2 representent(s)
#   step SMZ : 	 module fs_macros.encmux16_v5: 0 up-insts
#   step SMZ : 	 module fs_macros.nf_encmux16_v5: 0 up-insts
#   step SMZ : function encmux2 has 1 representent(s)
#   step SMZ : 	 module fs_macros.encmux2: 0 up-insts
#   step SMZ : function encmux22 has 1 representent(s)
#   step SMZ : 	 module fs_macros.encmux22: 0 up-insts
#   step SMZ : function encmux32_v8 has 1 representent(s)
#   step SMZ : 	 module fs_macros.encmux32_v8: 0 up-insts
#   step SMZ : function encmux3_v5 has 1 representent(s)
#   step SMZ : 	 module fs_macros.encmux3_v5: 0 up-insts
#   step SMZ : function encmux4_v5 has 1 representent(s)
#   step SMZ : 	 module fs_macros.encmux4_v5: 0 up-insts
#   step SMZ : function encmux8_v5 has 2 representent(s)
#   step SMZ : 	 module fs_macros.encmux8_v5: 0 up-insts
#   step SMZ : 	 module fs_macros.nf_encmux8_v5: 0 up-insts
#   step SMZ : function lesselt has 2 representent(s)
#   step SMZ : 	 module fs_macros.lesselt: 0 up-insts
#   step SMZ : 	 module fs_macros.nf_lesselt: 0 up-insts
#   step SMZ : function mult18x18 has 1 representent(s)
#   step SMZ : 	 module xcve.mult18x18: 0 up-insts, is blackbox
#   step SMZ : function mult18x18s has 1 representent(s)
#   step SMZ : 	 module xcve.mult18x18s: 0 up-insts, is blackbox
#   step SMZ : function mult18x18sio has 1 representent(s)
#   step SMZ : 	 module xcve.mult18x18sio: 0 up-insts, is blackbox
#   step SMZ : function mult25x18 has 1 representent(s)
#   step SMZ : 	 module fs_macros.mult25x18: 0 up-insts
#   step SMZ : function mult27x18 has 1 representent(s)
#   step SMZ : 	 module fs_macros.mult27x18: 0 up-insts
#   step SMZ : replaced module (old -> new, #up-insts): xcve.carry4 -> simzilla_extra_cells.CARRY4, 41
#   step SMZ : replaced module (old -> new, #up-insts): xcve.carry8 -> simzilla_extra_cells.CARRY8, 0
#   step LINK : Done in     elapsed:0.2 s    user:0.2 s    system:0.1 s     %cpu:176.47       load:0.40       fm:171023 m      vm:470 m       vm:+3 m      um:228 m       um:+4 m
#   step === GraphBuilder : Starting
#   step Build WB : Starting
#   step Build WB : Done in       elapsed:0 s      user:0 s      system:0 s       %cpu:0.00       load:0.40       fm:171021 m      vm:503 m      vm:+33 m      um:230 m       um:+2 m
#   step Build HW : Starting
#   step SMZ : #hierWires: 1309
#   step SMZ : #equis:     1309
#   step Build HW : Done in       elapsed:0 s      user:0 s      system:0 s       %cpu:0.00       load:0.40       fm:171021 m      vm:503 m       vm:+0 m      um:230 m       um:+0 m
#   step report unknown models : Starting
#   step SMZ : #unknown behavior driver modules: 9
#   step SMZ : Module rom_ZMEM_mem (memory): 1 occurences
#   step SMZ : Module zebu_clockGen: 1 occurences
#   step SMZ : Module zebu_reqsig_clock_zcompositeclock: 4 occurences
#   step SMZ : Module zebu_reqsig_clock_driverclock: 21 occurences
#   step SMZ : Module ZSVA_MOD_PLI_1: 2 occurences
#   step SMZ : Module CARRY4: 40 occurences
#   step SMZ : Module zebu_bb_wb_reg: 41 occurences
#   step SMZ : Module ZSVA_MOD_0: 1 occurences
#   step SMZ : Module ZSVA_MOD_1: 1 occurences
#   step SMZ : #unknown behavior driver instances: 112
#   step report unknown models : Done in       elapsed:0 s      user:0 s      system:0 s       %cpu:0.00       load:0.40       fm:171021 m      vm:503 m       vm:+0 m      um:230 m       um:+0 m
#   step Load AnnotationDB : Starting
#   step AnoDB : Anotation file './tools/zDB/zTopBuild_equi.inf' successfully opened
#   step Annotation DB : Closing file './tools/zDB/zTopBuild_equi.inf'
#   step SMZ : #constants           from AnnotationDB: 9
#   step SMZ : #transparent latches from AnnotationDB: 0
#   step Load AnnotationDB : Done in       elapsed:0 s      user:0 s      system:0 s       %cpu:0.00       load:0.40       fm:171021 m      vm:503 m       vm:+0 m      um:230 m       um:+0 m
#   step resize cells : Starting
#   step resize cells : Done in       elapsed:0 s      user:0 s      system:0 s       %cpu:0.00       load:0.40       fm:171021 m      vm:503 m       vm:+0 m      um:230 m       um:+0 m
#   step Build indexer for equiID : Starting
#   step SMZ : #EquiID (#unfolded wire on equi netlist): 1309 (1784)
#   step Build indexer for equiID : Done in       elapsed:0 s      user:0 s      system:0 s       %cpu:0.00       load:0.40       fm:171016 m     vm:1271 m     vm:+768 m      um:234 m       um:+4 m
#   step Set EquiID of cells : Starting
#   step Set EquiID of cells : Done in       elapsed:0 s    user:0.1 s      system:0 s    %cpu:2000.00       load:0.40       fm:171016 m     vm:1271 m       vm:+0 m      um:234 m       um:+0 m
#   step SMZ : EquiID done with 0 errors
#   step Create rtl2Equi : Starting
#   step SMZ : rtl2Equi uses mmap iterator
#   step Create rtl2Equi : Done in       elapsed:0 s      user:0 s      system:0 s       %cpu:0.00       load:0.40       fm:171016 m     vm:1271 m       vm:+0 m      um:234 m       um:+0 m
#   step populate cells : Starting
#   step SMZ : ##################################simplified LUT: 75
#   step SMZ : #LUT3: avg.#products/#ops (nodes): 50 / 2.22 / 3.48 (4.58)
#   step SMZ : #LUT4: avg.#products/#ops (nodes): 9 / 3.22222 / 6.88889 (5.88889)
#   step SMZ : #LUT6: avg.#products/#ops (nodes): 16 / 4.5 / 10 (22.5)
#   step SMZ : ############################# NOT SIMPLIFIED LUT: 20
#   step SMZ : #LUT5: avg.#products/#ops (nodes): 7 / 16 / 79 (11)
#   step SMZ : #LUT6: avg.#products/#ops (nodes): 13 / 21.2308 / 126.385 (14.8462)
#   step SMZ : #LUT5: avg.#products/#ops for min: 7 / 7 / 19
#   step SMZ : #LUT6: avg.#products/#ops for min: 13 / 9.15385 / 40.3846
#   step SMZ : #transparent latches (#processed): 0(0)
#   step populate cells : Done in     elapsed:0.2 s    user:0.5 s    system:0.5 s     %cpu:689.66       load:0.40       fm:170955 m     vm:1362 m      vm:+91 m      um:322 m      um:+88 m
#   step Populating MacroCells : Starting
#   step Populating MacroCells : Done in       elapsed:0 s    user:0.3 s      system:0 s     %cpu:800.00       load:0.40       fm:170952 m     vm:1362 m       vm:+0 m      um:325 m       um:+3 m
#   step Substituting MacroCells : Starting
#   step SMZ : Total 40 macro cells are substituted
#   step Substituting MacroCells : Done in       elapsed:0 s      user:0 s      system:0 s       %cpu:0.00       load:0.40       fm:170952 m     vm:1362 m       vm:+0 m      um:325 m       um:+0 m
#   step SCC computation : Starting
#   step SMZ : #SCCs: 0
#   step SCC computation : Done in     elapsed:0.1 s      user:0 s    system:0.1 s     %cpu:400.00       load:0.40       fm:170926 m     vm:2130 m     vm:+768 m      um:350 m      um:+25 m
#   step Compute level of cells for combinational graph : Starting
#   step Compute level of cells for combinational graph : Done in       elapsed:0 s      user:0 s      system:0 s       %cpu:0.00       load:0.40       fm:170926 m     vm:2130 m       vm:+0 m      um:350 m       um:+0 m
#   step SMZ : DeadLogicRemoval is disabled.
#   step Reordering cells : Starting
#   step Sort cells by level : Starting
#   step SMZ : #cells= 1756
#   step Sort cells by level : Done in       elapsed:0 s    user:0.1 s      system:0 s    %cpu:4000.00       load:0.40       fm:170926 m     vm:2130 m       vm:+0 m      um:350 m       um:+0 m
#   step Reorder cells : Starting
#   step Reorder cells : Done in       elapsed:0 s      user:0 s    system:0.1 s    %cpu:2000.00       load:0.40       fm:170926 m     vm:2130 m       vm:+0 m      um:350 m       um:+0 m
#   step Reordering cells : Done in       elapsed:0 s    user:0.1 s    system:0.1 s    %cpu:1333.33       load:0.40       fm:170934 m     vm:2130 m       vm:+0 m      um:350 m       um:+0 m
#   step insert MID to SCC : Starting
#   step insert MID to SCC : Done in       elapsed:0 s      user:0 s      system:0 s       %cpu:0.00       load:0.40       fm:170942 m     vm:2130 m       vm:+0 m      um:350 m       um:+0 m
#EquiID in rtl2equi  =1309
#EquiID in transactor=0
#EquiID in graph     =1309
#   step SMZ : #watched     : 362
#   step SMZ : #watched (by cid2Pocs): 0
#   step SMZ : #EquiID         : 1309
#   step SMZ : #HierWires      : 1309
#   step SMZ : #cells          : 1701
#   step SMZ : #macro cells    : 0
#   step SMZ : linkMacros mode : 2
#   step SMZ : #buses          : 0
#   step SMZ : #levels: 58
#   step SMZ : list level/# cells: [0/806 1/109 2/49 3/54 4/67 5/32 6/21 7/16 8/21 9/32 10/21 11/13 12/11 13/17 14/16 15/16 16/8 17/8 18/16 19/16 20/16 21/8 22/8 23/16 24/16 25/16 26/8 27/8 28/16 29/16 30/16 31/8 32/8 33/16 34/16 35/16 36/8 37/8 38/8 39/8 40/8 41/4 42/4 43/8 44/8 45/8 46/4 47/4 48/8 49/8 50/8 51/4 52/4 53/8 54/8 55/8 56/4 57/4 ]
#   step SMZ : avg. #cells/level: 29.3276
#   step SMZ : list level/#mcells: []
#   step SMZ : cell distribution (exclusive):
#   step SMZ : #cells (#with coord), avg.#inputs  READ : 83 (0), 0
#   step SMZ : #cells (#with coord), avg.#inputs  CST  : 4 (0), 0
#   step SMZ : #cells (#with coord), avg.#inputs  XOR  : 152 (0), 2.07895
#   step SMZ : #cells (#with coord), avg.#inputs  ISOP : 723 (0), 2.00277, #AND/OR=448
#   step SMZ : #cells (#with coord), avg.#inputs  LUT  : 20 (0), 5.65
#   step SMZ : #cells (#with coord), avg.#inputs  LATCH: 1 (0), 2
#   step SMZ : #cells (#with coord), avg.#inputs  FF   : 718 (0), 2.70334
#   step SMZ : #cells (#with coord), avg.#inputs  LB   : 0 (0), 0
#   step SMZ : #cells (#with coord), avg.#inputs  PORT : 0 (0), 0
#   step SMZ : #cells (#with coord), avg.#inputs  EDGE_DETECTOR: 0 (0), 0
#   step SMZ : #cells (#with coord), avg.#inputs  ONE_POS_SHIFTER: 0 (0), 0
#   step SMZ : #LUT1 w/o coord / avg.% of 1's: 0 / 0
#   step SMZ : #LUT2 w/o coord / avg.% of 1's: 0 / 0
#   step SMZ : #LUT3 w/o coord / avg.% of 1's: 0 / 0
#   step SMZ : #LUT4 w/o coord / avg.% of 1's: 0 / 0
#   step SMZ : #LUT5 w/o coord / avg.% of 1's: 7 / 0.5
#   step SMZ : #LUT6 w/o coord / avg.% of 1's: 13 / 0.331731
#   step SMZ : SCC size/#LBs distribution: []
#   step SMZ : #PrimarySeq/#PI (0/0) 
#   step SMZ : #PrimarySeq/#Seqs (0/719) = 0%
#   step === Write graph : Starting
#   step 	(1. save cid2Nnames) : Starting
#   step 	(1. save cid2Nnames) : Done in     elapsed:0.2 s      user:0 s      system:0 s       %cpu:0.00       load:0.40       fm:171048 m     vm:2130 m       vm:+0 m      um:352 m       um:+2 m
#   step 	(2. save equi2cid) : Starting
#   step 	(2. save equi2cid) : Done in     elapsed:0.1 s      user:0 s      system:0 s       %cpu:0.00       load:0.40       fm:171046 m     vm:2130 m       vm:+0 m      um:352 m       um:+0 m
#   step 	(3. save graph) : Starting
#   step 	(3. save graph) : Done in     elapsed:0.1 s      user:0 s      system:0 s       %cpu:0.00       load:0.40       fm:171046 m     vm:2130 m       vm:+0 m      um:353 m       um:+1 m
#   step 	(4. serialize cells) : Starting
#   step SMZ : saving 1701 cell(s) to keyed file by 10 partition(s) w. 10 thread(s)
#   step 	(4. serialize cells) : Done in     elapsed:0.2 s      user:0 s    system:0.1 s      %cpu:40.40       load:0.40       fm:171045 m     vm:2130 m       vm:+0 m      um:353 m       um:+0 m
#   step === Write graph : Done in     elapsed:0.6 s      user:0 s    system:0.1 s      %cpu:16.19       load:0.40       fm:171045 m     vm:2130 m       vm:+0 m      um:353 m       um:+3 m
#   step === GraphBuilder : Done in    elapsed:0.10 s   user:0.10 s    system:0.9 s     %cpu:184.91       load:0.40       fm:171045 m     vm:2130 m    vm:+1660 m      um:353 m     um:+125 m
#   step SMZ : Created Archive File ./tools/zCui/zSimzilla_archive.xcui
#   step SMZ : END OF SIMZILLA JOB

#   exec summary :    1 warnings,    0 syntax errors,    0 fatal errors,    0 internal errors
#   exec summary : wall clock 0m0s, user 0m0.311s, sys 0m0.181s
#   exec summary : Total memory: 2177720 kB - RSS memory: 361056 kB - Data memory: 1937416 kB
#   exec summary : Successful execution

# end time is Mon Apr 29 13:43:59 2024
command exit code is '0'
