zFAST results analysis:
  Source unit: Design
  RTL group: Default_RTL_Group
Module: clkg
  Xcui file design/synth_Default_RTL_Group/xcui/clkg.xcui is read
  Checksum value 2e59fe94582826bbd8a6520f40c57a188800bd0a2304eb68a97faff896eaf007b6e508ef26a789f6c03a7bf6b8f2ea6000d04aa46e6d477a30a5db416e73ba1b
Module: fifo_usage_spy
  Xcui file design/synth_Default_RTL_Group/xcui/fifo_usage_spy.xcui is read
  Checksum value 5e54cff60e21ab825b2aa9ac2a4b2ca4975329ba7306f40bb08946d13dd27912748d2b21b9f52b239d15a6813113b9caa250092640d102e44b5138694cdc5ccf
Module: parity
  Xcui file design/synth_Default_RTL_Group/xcui/parity.xcui is read
  Checksum value 3d78445ad023fa23ded07bcfea53b92b215702e603cbc3fec295d98b3ebe5499332e934c72e225426c8debc038afc7f74254024d7f0440a650c867ad8a3f1607
Module: parity_check
  Xcui file design/synth_Default_RTL_Group/xcui/parity_check.xcui is read
  Checksum value 35cbdec23d2d4a9c1fbacefb2ddd9968bb86a62172462b50c1c85b0bd023e6c9775f05266d17ae923fd49c2c58bb0650278b5bdeb57bb879537c2cb430e5304b
Module: proba
  Xcui file design/synth_Default_RTL_Group/xcui/proba.xcui is read
  Checksum value 1e2d33830bb742ec4981e4a36d229c7608507caa7f0a61bffc5e67025c5e40c303ac9fccb321e6ce36f41b5d2c4f5e64ea5013c1ab95476ce2053a28d6a51000
Module: proba_0000
  Xcui file design/synth_Default_RTL_Group/xcui/proba_0000.xcui is read
  Checksum value 36471bf2a01fc6763f4d32ac85b0307ecccaf5a7037c790b50c3e8107167d45b92850b8645765732c4353637991977fcea6487284f7db796d2b0536ba2cf724c
Module: ram
  Xcui file design/synth_Default_RTL_Group/xcui/ram.xcui is read
  Memory ram_zMem zmem ram.zmem
  Checksum value a7661a2cdcc4062d4dcca4a5c5d9bdc28a3911ae55438bb2e26ea8cf57e968280e5facda0bc6039e1ac4000e67bb2ce9afacf25ff52bb29bb522ccbb842db594
Module: rom
  Xcui file design/synth_Default_RTL_Group/xcui/rom.xcui is read
  Memory rom_zMem zmem rom.zmem
  Checksum value 262a1880914468ad8928787067426c61fa81422791753db27e93c047fafae50b6a5469405b196b86bb0c60584a9a917c5bb9df7be072ae74b96c8f193f9d34d9
Module: stb
  Xcui file design/synth_Default_RTL_Group/xcui/stb.xcui is read
  Checksum value 36cb3a64813338c862c4cc73aa8a6b47d5fba995e4845d4198ac24bd3513f367573334166b99145f7c2a7c6e842f1345453c5fb7a1dbf5de5d30040e6b3aecb6
zFAST output analyzed
