
Processing fifo_usage_spy
before buildCfgFromIStructural: 0u 0s 550e 601604kB
Before processing instances: 0u 0s 569e 601604kB
After processing instances: 0u 0s 570e 601604kB
before processing cont assigns: 0u 0s 570e 601604kB
after processing cont assigns: 0u 0s 570e 601604kB
before processing processes: 0u 0s 570e 601604kB
after processing processes: 0u 0s 933e 601868kB
after buildCfgFromIStructural: 0u 0s 938e 601868kB
before ns->mergeSimpleProcesses: 0u 0s 938e 602000kB
after ns->mergeSimpleProcesses: 0u 0s 938e 602000kB
before ns->splitPartialWrites: 0u 0s 938e 602000kB
after ns->splitPartialWrites: 0u 0s 938e 602000kB
before removeUnneededLatches: 0u 0s 938e 602000kB
after removeUnneededLatches: 0u 0s 938e 602000kB
before printMsgForBothBAandNBAAccrossProcess: 0u 0s 938e 602000kB
after printMsgForBothBAandNBAAccrossProcess: 0u 0s 938e 602000kB
after other NameScope processing: 0u 0s 938e 602000kB
before rebuildInstGraph: 0u 0s 938e 602000kB
  before addAllInScope: 0u 0s 938e 602000kB
  after addAllInScope: 0u 0s 938e 602000kB
after rebuildInstGraph: 0u 0s 938e 602000kB
before markTristateCones : 0u 0s 953e 602000kB
after markTristateCones : 0u 0s 953e 602000kB
after scheduling: 0u 0s 1059e 602000kB
after model->finalize: 0.01u 0s 1089e 602000kB
before attribute propagation: 0.01u 0s 1126e 602000kB
after attribute propagation: 0.01u 0s 1126e 602000kB
before constantPropagate: 0.01u 0s 1126e 602000kB
after constantPropagate: 0.01u 0s 1125e 602000kB
before removeUnusedSignals circuit: 0.01u 0s 1125e 602000kB
after removeUnusedSignals circuit: 0.01u 0s 1125e 602000kB
before optimize latch enable: 0.01u 0s 1125e 602000kB
after optimize latch enable: 0.01u 0s 1125e 602000kB
after circuit->load: 0.01u 0s 1125e 602000kB
