
Processing fifo_0000
before constantPropagate: 0u 0s 1271e 602080kB
after constantPropagate: 0u 0s 1271e 602080kB
before removeUnusedSignals circuit: 0u 0s 1271e 602080kB
after removeUnusedSignals circuit: 0u 0s 1271e 602080kB
before optimize latch enable: 0u 0s 1271e 602080kB
after optimize latch enable: 0u 0s 1271e 602080kB
before removeReadAfterMissingWrite: 0u 0s 1271e 602080kB
after removeReadAfterMissingWrite: 0u 0s 1271e 602080kB
before undoDimensionalSplitOfMemories: 0u 0s 1271e 602080kB
after undoDimensionalSplitOfMemories: 0u 0s 1271e 602080kB
before extractMemories: 0u 0s 1271e 602080kB
after extractMemories: 0u 0s 1271e 602080kB
before extractHolds: 0u 0s 1271e 602080kB
after extractHolds: 0u 0s 1281e 602080kB
before simplifyAdders: 0u 0s 1281e 602080kB
after simplifyAdders: 0u 0s 1281e 602080kB
before reportUnresolvedType: 0u 0s 1281e 602080kB
after reportUnresolvedType: 0u 0s 1281e 602080kB
before dumpingPerModuleScm : 0u 0s 1281e 602080kB
after dumpingPerModuleScm : 0u 0s 1281e 602080kB
