#@ # 
#@ # Running zRci Version Q-2020.03-SP1-4 for linux64 -- Oct 18 2022 - 00:50:38
#@ # Date:   Mon Apr 29 15:10:21 2024
#@ # Run by: sujaysimha@csce-quinn-s1.engr.tamu.edu
#@ 

#@ # -- Evaluating file ../script/zRci_script.tcl

#@ # sva_callback 0 2 {FIFO empty assertion failed} ../source/stb/top.sv 56 top.assert_design_req1_empty_assert -1 29  # !! Background evaluation !!
#@ # sva_callback 0 2 {FIFO empty assertion failed} ../source/stb/top.sv 56 top.assert_design_req1_empty_assert -1 31  # !! Background evaluation !!
#@ # sva_callback 0 2 {FIFO empty assertion failed} ../source/stb/top.sv 56 top.assert_design_req1_empty_assert -1 33  # !! Background evaluation !!
#@ # sva_callback 0 2 {FIFO empty assertion failed} ../source/stb/top.sv 56 top.assert_design_req1_empty_assert -1 37  # !! Background evaluation !!
#@ # sva_callback 0 2 {FIFO empty assertion failed} ../source/stb/top.sv 56 top.assert_design_req1_empty_assert -1 39  # !! Background evaluation !!
#@ # sva_callback 0 2 {FIFO empty assertion failed} ../source/stb/top.sv 56 top.assert_design_req1_empty_assert -1 41  # !! Background evaluation !!
#@ # sva_callback 0 2 {FIFO empty assertion failed} ../source/stb/top.sv 56 top.assert_design_req1_empty_assert -1 43  # !! Background evaluation !!
#@ # sva_callback 0 2 {FIFO empty assertion failed} ../source/stb/top.sv 56 top.assert_design_req1_empty_assert -1 45  # !! Background evaluation !!
#@ # sva_callback 0 2 {FIFO empty assertion failed} ../source/stb/top.sv 56 top.assert_design_req1_empty_assert -1 47  # !! Background evaluation !!
#@ # sva_callback 0 2 {FIFO empty assertion failed} ../source/stb/top.sv 56 top.assert_design_req1_empty_assert -1 55  # !! Background evaluation !!
#@ # sva_callback 0 2 {FIFO empty assertion failed} ../source/stb/top.sv 56 top.assert_design_req1_empty_assert -1 63  # !! Background evaluation !!
#@ # sva_callback 0 2 {FIFO empty assertion failed} ../source/stb/top.sv 56 top.assert_design_req1_empty_assert -1 65  # !! Background evaluation !!
#@ # sva_callback 0 2 {FIFO empty assertion failed} ../source/stb/top.sv 56 top.assert_design_req1_empty_assert -1 67  # !! Background evaluation !!
#@ # sva_callback 0 2 {FIFO empty assertion failed} ../source/stb/top.sv 56 top.assert_design_req1_empty_assert -1 69  # !! Background evaluation !!
