
Processing fifo_0000
before buildCfgFromIStructural: 0u 0s 635e 601620kB
Before processing instances: 0u 0s 672e 601620kB
After processing instances: 0u 0s 683e 601620kB
before processing cont assigns: 0u 0s 683e 601620kB
after processing cont assigns: 0u 0s 738e 601752kB
before processing processes: 0u 0s 738e 601752kB
after processing processes: 0u 0s 807e 601884kB
after buildCfgFromIStructural: 0u 0s 813e 601884kB
before ns->mergeSimpleProcesses: 0u 0s 810e 602016kB
after ns->mergeSimpleProcesses: 0u 0s 810e 602016kB
before ns->splitPartialWrites: 0u 0s 810e 602016kB
after ns->splitPartialWrites: 0u 0s 810e 602016kB
before removeUnneededLatches: 0u 0s 810e 602016kB
after removeUnneededLatches: 0u 0s 810e 602016kB
before printMsgForBothBAandNBAAccrossProcess: 0u 0s 810e 602016kB
after printMsgForBothBAandNBAAccrossProcess: 0u 0s 810e 602016kB
after other NameScope processing: 0u 0s 810e 602016kB
before rebuildInstGraph: 0u 0s 818e 602016kB
  before addAllInScope: 0u 0s 818e 602016kB
  after addAllInScope: 0u 0s 818e 602016kB
after rebuildInstGraph: 0u 0s 818e 602016kB
before markTristateCones : 0u 0s 818e 602016kB
after markTristateCones : 0u 0s 818e 602016kB
after scheduling: 0u 0s 922e 602016kB
after model->finalize: 0.01u 0s 988e 602016kB
before attribute propagation: 0.01u 0s 1023e 602016kB
after attribute propagation: 0.01u 0s 1023e 602016kB
before constantPropagate: 0.01u 0s 1023e 602016kB
after constantPropagate: 0.01u 0s 1023e 602016kB
before removeUnusedSignals circuit: 0.01u 0s 1023e 602016kB
after removeUnusedSignals circuit: 0.01u 0s 1023e 602016kB
before optimize latch enable: 0.01u 0s 1023e 602016kB
after optimize latch enable: 0.01u 0s 1023e 602016kB
after circuit->load: 0.01u 0s 1023e 602016kB
