History of all FPGAs compilation

Compilation 1
Route U0_M0_F08 : Original
U0_M0_IF : Original
U0_M0_F0 : Original


Compilation 2


Compilation 3


Compilation 4


Compilation 5


Compilation 6


Compilation 7


Compilation 8


Compilation 9
U0_M0_F0 : Original


Compilation 10


Compilation 11


Compilation 12
U0_M0_F0 : Original


Compilation 13


Compilation 14


Compilation 15


Compilation 16
U0_M0_F0 : Original


Compilation 17


Compilation 18
U0_M0_F0 : Original


Compilation 19


Compilation 20
U0_M0_F0 : Original


Compilation 21
U0_M0_F0 : Original


Compilation 22
U0_M0_F0 : Original


Compilation 23
U0_M0_F0 : Original


Compilation 24


Compilation 25
U0_M0_F0 : Original


Compilation 26
U0_M0_F0 : Original


Compilation 27
U0_M0_F0 : Original


Compilation 28
U0_M0_F0 : Original
