






                                    ZeBu (R)
                                      zPar

              Version Q-2020.03-SP1-4 for linux64 - Oct 18, 2022 

                    Copyright (c) 2002 - 2022 Synopsys, Inc.
   This software and the associated documentation are proprietary to Synopsys,
 Inc. This software may only be used in accordance with the terms and conditions
 of a written license agreement with Synopsys, Inc. All other use, reproduction,
   or distribution of this software is strictly prohibited.  Licensed Products
     communicate with Synopsys servers for the purpose of providing software
    updates, detecting software piracy and verifying that customers are using
    Licensed Products in conformity with the applicable License Key for such
  Licensed Products. Synopsys will use information gathered in connection with
    this process to deliver software updates and pursue software pirates and
                                   infringers.

 Inclusivity & Diversity - Visit SolvNetPlus to read the "Synopsys Statement on
            Inclusivity and Diversity" (Refer to article 000036315 at
                        https://solvnetplus.synopsys.com)

# zPar zPar_zCui.tcl 

# start time is Tue Apr 16 14:56:20 2024




# Build Date : Oct 18 2022 - 01:04:12
# ---------------------------System Context--------------------------- 
# Cpu        40 x bogomips - 4604.90 Intel(R) Xeon(R) CPU E5-2650 v3 @ 2.30GHz
#            Load: 0.59 0.20 0.10 1/485 451
#            Hostname: csce-quinn-s1.engr.tamu.edu   OS: Linux 3.10.0-1160.108.1.el7.x86_64
# Memory     Total: 193183 MB Free: 174752 MB
#            Total Free including cache: 187824 MB
#            Swap cache: 0 MB Cached space: 13072 MB
#            Swap space: 4095 MB Free Swap space: 4095 MB
#            VmSize: 401 MB VmPeak: 401 MB
# Disk Space Total: 50 GB Available: 27 GB Used: 23 GB
#            Free inodes: 104739346
# Stack                                Soft Limit           Hard Limit  
#            Max stack size            8388608              unlimited            bytes     
# -------------------------------------------------------------------- 





Table of content:
-----------------


 1.Detailed_execution time and Memory Footprint
 2.KTIM_WARNING_SECTION
 3.KTIM_ECHO_SECTION
 4.KPR_WARNING_SECTION
 5.KPR_ECHO_SECTION
 6.ZAP_WARNING_SECTION


======================================================================================================





 1.Detailed_execution time and Memory Footprint
 ==============================================


  Cpu performance: 96.00%

  Cpu performance displays the performance of the CPU on which zTopBuild is started compared to a reference machin.
  A positive number will indicate a CPU faster than our reference one.

  
# ---------------------------System Context--------------------------- 
# Cpu        40 x bogomips - 4604.90 Intel(R) Xeon(R) CPU E5-2650 v3 @ 2.30GHz
#            Load: 0.59 0.20 0.10 1/485 451
#            Hostname: csce-quinn-s1.engr.tamu.edu   OS: Linux 3.10.0-1160.108.1.el7.x86_64
# Memory     Total: 193183 MB Free: 174751 MB
#            Total Free including cache: 187823 MB
#            Swap cache: 0 MB Cached space: 13072 MB
#            Swap space: 4095 MB Free Swap space: 4095 MB
#            VmSize: 465 MB VmPeak: 465 MB
# Disk Space Total: 50 GB Available: 27 GB Used: 23 GB
#            Free inodes: 104739343
# Stack                                Soft Limit           Hard Limit  
#            Max stack size            8388608              unlimited            bytes     
# -------------------------------------------------------------------- 


  In the section below, 
    load : 1 minute load average
    fm   : FreeMemory
    vm   : VirtualMemory
    um   : UsedMemory


Reset time counter
   4       elapsed:0 s      user:0 s      system:0 s       %cpu:0.00       load:0.62       fm:174723 m      vm:485 m       vm:+0 m      um:158 m       um:+0 m zPar/Merge_Cores/Signature_generation/Netlist_signature_generation
   4     elapsed:0.2 s      user:0 s      system:0 s       %cpu:0.00       load:0.62       fm:174723 m      vm:485 m       vm:+0 m      um:158 m       um:+0 m zPar/Merge_Cores/Signature_generation
   6       elapsed:0 s      user:0 s      system:0 s       %cpu:0.00       load:0.62       fm:174722 m      vm:486 m       vm:+0 m      um:159 m       um:+0 m zPar/Merge_Cores/Signature_generation/Netlist_signature_generation
   6     elapsed:0.1 s      user:0 s      system:0 s       %cpu:0.00       load:0.62       fm:174722 m      vm:486 m       vm:+0 m      um:159 m       um:+0 m zPar/Merge_Cores/Signature_generation
   8       elapsed:0 s    user:0.1 s      system:0 s    %cpu:4000.00       load:0.62       fm:174719 m      vm:489 m       vm:+0 m      um:162 m       um:+0 m zPar/Merge_Cores/Signature_generation/Netlist_signature_generation
   8     elapsed:0.2 s    user:0.1 s      system:0 s      %cpu:72.73       load:0.62       fm:174719 m      vm:489 m       vm:+0 m      um:162 m       um:+0 m zPar/Merge_Cores/Signature_generation
  10       elapsed:0 s      user:0 s      system:0 s       %cpu:0.00       load:0.62       fm:174715 m      vm:493 m       vm:+0 m      um:166 m       um:+0 m zPar/Merge_Cores/Signature_generation/Netlist_signature_generation
  10     elapsed:0.1 s      user:0 s    system:0.1 s     %cpu:108.11       load:0.62       fm:174715 m      vm:493 m       vm:+0 m      um:166 m       um:+0 m zPar/Merge_Cores/Signature_generation
  10    elapsed:0.26 s   user:0.15 s    system:0.2 s      %cpu:64.21       load:0.62       fm:174715 m      vm:493 m      vm:+28 m      um:166 m      um:+35 m zPar/Merge_Cores
  12     elapsed:0.1 s      user:0 s      system:0 s       %cpu:0.00       load:0.62       fm:174681 m      vm:524 m       vm:+0 m      um:201 m       um:+0 m zPar/Place/IMPORT
  13       elapsed:0 s      user:0 s      system:0 s       %cpu:0.00       load:0.62       fm:174681 m      vm:524 m       vm:+0 m      um:201 m       um:+0 m zPar/Place/IMPORT
  13    elapsed:0.19 s   user:0.10 s    system:0.2 s      %cpu:63.49       load:0.62       fm:174677 m      vm:528 m      vm:+23 m      um:205 m      um:+24 m zPar/Place
  14    elapsed:0.36 s   user:0.21 s    system:0.2 s      %cpu:63.84       load:0.62       fm:174642 m      vm:563 m      vm:+35 m      um:240 m      um:+35 m zPar/Route
  18     elapsed:0.1 s      user:0 s      system:0 s       %cpu:0.00       load:0.66       fm:173391 m     vm:1828 m       vm:+0 m     um:1491 m       um:+0 m zPar/Generate/write_Fpga_Wrapper/Signature_generation/Netlist_signature_generation
  18     elapsed:0.3 s    user:0.1 s      system:0 s      %cpu:43.96       load:0.68       fm:173391 m     vm:1828 m       vm:+0 m     um:1491 m       um:+0 m zPar/Generate/write_Fpga_Wrapper/Signature_generation
  18    elapsed:0.37 s   user:0.11 s    system:0.1 s      %cpu:32.06       load:0.68       fm:173388 m     vm:1831 m       vm:+3 m     um:1494 m       um:+3 m zPar/Generate/write_Fpga_Wrapper
  21       elapsed:0 s      user:0 s      system:0 s       %cpu:0.00       load:0.68       fm:173388 m     vm:1831 m       vm:+0 m     um:1494 m       um:+0 m zPar/Generate/write_Fpga_Wrapper/Signature_generation/Netlist_signature_generation
  21     elapsed:0.2 s      user:0 s      system:0 s       %cpu:0.00       load:0.68       fm:173388 m     vm:1831 m       vm:+0 m     um:1494 m       um:+0 m zPar/Generate/write_Fpga_Wrapper/Signature_generation
  21    elapsed:0.29 s   user:0.13 s      system:0 s      %cpu:46.39       load:0.68       fm:173388 m     vm:1831 m       vm:+0 m     um:1494 m       um:+0 m zPar/Generate/write_Fpga_Wrapper
  24       elapsed:0 s      user:0 s      system:0 s       %cpu:0.00       load:0.68       fm:173388 m     vm:1831 m       vm:+0 m     um:1494 m       um:+0 m zPar/Generate/write_Fpga_Wrapper/Signature_generation/Netlist_signature_generation
  24     elapsed:0.1 s      user:0 s      system:0 s       %cpu:0.00       load:0.68       fm:173388 m     vm:1831 m       vm:+0 m     um:1494 m       um:+0 m zPar/Generate/write_Fpga_Wrapper/Signature_generation
  24     elapsed:0.6 s      user:0 s    system:0.1 s      %cpu:15.87       load:0.68       fm:173388 m     vm:1831 m       vm:+0 m     um:1494 m       um:+0 m zPar/Generate/write_Fpga_Wrapper
  24       elapsed:7 s      user:5 s   system:0.52 s      %cpu:88.59       load:0.68       fm:173388 m     vm:1831 m    vm:+1268 m     um:1494 m    um:+1254 m zPar/Generate
  26       elapsed:0 s      user:0 s      system:0 s       %cpu:0.00       load:0.68       fm:173388 m     vm:1831 m       vm:+0 m     um:1495 m       um:+1 m zPar/Timing/timingGraphBuilder::dumpTclTimingFile
  28       elapsed:0 s      user:0 s      system:0 s       %cpu:0.00       load:0.68       fm:173388 m     vm:1831 m       vm:+0 m     um:1495 m       um:+0 m zPar/Timing/dumpZfpgaTimingRequest/build_topPortToNodeId
  29       elapsed:0 s      user:0 s      system:0 s       %cpu:0.00       load:0.68       fm:173388 m     vm:1831 m       vm:+0 m     um:1495 m       um:+0 m zPar/Timing/dumpZfpgaTimingRequest/getIntraFpgaTimingPathforZFpgaTiming
  30       elapsed:0 s      user:0 s      system:0 s       %cpu:0.00       load:0.68       fm:173388 m     vm:1831 m       vm:+0 m     um:1495 m       um:+0 m zPar/Timing/dumpZfpgaTimingRequest/buildSdfRequestsFromTimingGraph
  31       elapsed:0 s      user:0 s      system:0 s       %cpu:0.00       load:0.68       fm:173388 m     vm:1831 m       vm:+0 m     um:1495 m       um:+0 m zPar/Timing/dumpZfpgaTimingRequest/buildRoutingHopSdfRequests
  32       elapsed:0 s      user:0 s      system:0 s       %cpu:0.00       load:0.68       fm:173388 m     vm:1831 m       vm:+0 m     um:1495 m       um:+0 m zPar/Timing/dumpZfpgaTimingRequest/buildSdfRequestsFromTimingGraph
  33       elapsed:0 s      user:0 s      system:0 s       %cpu:0.00       load:0.68       fm:173388 m     vm:1831 m       vm:+0 m     um:1495 m       um:+0 m zPar/Timing/dumpZfpgaTimingRequest/buildFilterSdfRequests
  34       elapsed:0 s      user:0 s      system:0 s       %cpu:0.00       load:0.68       fm:173388 m     vm:1831 m       vm:+0 m     um:1495 m       um:+0 m zPar/Timing/dumpZfpgaTimingRequest/addGlobalSdfCommands
  35     elapsed:0.2 s      user:0 s      system:0 s       %cpu:0.00       load:0.68       fm:173388 m     vm:1831 m       vm:+0 m     um:1495 m       um:+0 m zPar/Timing/dumpZfpgaTimingRequest/dumpSdfRequestBuilder
  36       elapsed:0 s      user:0 s      system:0 s       %cpu:0.00       load:0.68       fm:173388 m     vm:1831 m       vm:+0 m     um:1495 m       um:+0 m zPar/Timing/dumpZfpgaTimingRequest/handleAttributes
  37       elapsed:0 s      user:0 s      system:0 s       %cpu:0.00       load:0.68       fm:173388 m     vm:1831 m       vm:+0 m     um:1495 m       um:+0 m zPar/Timing/dumpZfpgaTimingRequest/dumpSoftTimingConstraint
  38       elapsed:0 s      user:0 s      system:0 s       %cpu:0.00       load:0.68       fm:173388 m     vm:1831 m       vm:+0 m     um:1495 m       um:+0 m zPar/Timing/dumpZfpgaTimingRequest/dumpNodeIdAndNameOfIF
  38     elapsed:0.3 s    user:0.1 s    system:0.1 s      %cpu:66.67       load:0.68       fm:173388 m     vm:1831 m       vm:+0 m     um:1495 m       um:+0 m zPar/Timing/dumpZfpgaTimingRequest
  38     elapsed:0.5 s    user:0.1 s    system:0.1 s      %cpu:34.93       load:0.68       fm:173388 m     vm:1831 m       vm:+0 m     um:1495 m       um:+1 m zPar/Timing
  39     elapsed:0.2 s      user:0 s      system:0 s       %cpu:0.00       load:0.68       fm:173388 m     vm:1831 m       vm:+0 m     um:1495 m       um:+0 m zPar/FinishBody.
  39       elapsed:8 s      user:6 s   system:0.60 s      %cpu:85.26       load:0.68       fm:173388 m     vm:1831 m    vm:+1366 m     um:1495 m    um:+1364 m zPar


 2.KTIM_WARNING_SECTION
 ======================



                 *** EMPTY SECTION *** 




 3.KTIM_ECHO_SECTION
 ===================



                 *** EMPTY SECTION *** 




 4.KPR_WARNING_SECTION
 =====================



                 *** EMPTY SECTION *** 




 5.KPR_ECHO_SECTION
 ==================

Sanity Checker : No-driver net found: Wire recv_in_direct_00_09_00_08[0] connected to Port recv_in_direct[0] on FP_00_09_00_08 has no fanin.
Sanity Checker : No-driver net found: Wire recv_in_direct_00_09_00_08[1] connected to Port recv_in_direct[1] on FP_00_09_00_08 has no fanin.


 6.ZAP_WARNING_SECTION
 =====================



                 *** EMPTY SECTION *** 


