Initial_load 1713417199 1713417199
ImportConstants 1713417200 1713417200
EquiConsolidation 1713417200 1713417200
Import_FPGA_U0/M0/F08 1713417200 1713417200
Import_FPGA_U0/M0/IF 1713417200 1713417200
Import_FPGA_U0/M0/F00 1713417200 1713417200
MergeZebuDb 1713417200 1713417200
ImportProperties 1713417200 1713417200
ZebuPowerOnReplication 1713417200 1713417200
CoordConsolidation 1713417200 1713417200
FlagSignalsAndVectors 1713417200 1713417200
FlagNodes 1713417200 1713417200
BackslashMemDb 1713417200 1713417200
ComputeAndSaveCRC 1713417200 1713417200
CopyPowerDomainStatusCoordinates 1713417200 1713417200
SaveMemories 1713417200 1713417200
BuildExtendedPowerDomainDB 1713417200 1713417200
IndexNames 1713417200 1713417200
SetSaveTreeParameters 1713417200 1713417200
SaveCoords 1713417200 1713417200
DefaultSelection 1713417200 1713417200
SaveNames 1713417200 1713417200
SaveXCui 1713417200 1713417200
SaveEquis 1713417200 1713417200
SaveTreeLight 1713417200 1713417200
ExportToMuDb 1713417200 1713417201
SaveCoords 1713417201 1713417201
CleanZebuDb 1713417201 1713417201
SaveZebuDb 1713417201 1713417201
